14:32:53:930  INFO 1200 --- [main] com.hmall.pay.PayApplication             : Starting PayApplication using Java 11.0.21 on DESKTOP-E8F0GUI with PID 1200 (D:\Java\heimamall\hmall\pay-service\target\classes started by Lin in D:\Java\heimamall\hmall)
14:32:53:938 DEBUG 1200 --- [main] com.hmall.pay.PayApplication             : Running with Spring Boot v2.7.12, Spring v5.3.27
14:32:53:940  INFO 1200 --- [main] com.hmall.pay.PayApplication             : The following 1 profile is active: "local"
14:32:56:150  INFO 1200 --- [main] o.s.cloud.context.scope.GenericScope     : BeanFactory id=94596e63-bf78-39f3-a522-a8d8e091abca
14:32:56:755  INFO 1200 --- [main] o.s.b.w.embedded.tomcat.TomcatWebServer  : Tomcat initialized with port(s): 8086 (http)
14:32:56:769  INFO 1200 --- [main] o.apache.catalina.core.StandardService   : Starting service [Tomcat]
14:32:56:770  INFO 1200 --- [main] org.apache.catalina.core.StandardEngine  : Starting Servlet engine: [Apache Tomcat/9.0.75]
14:32:57:046  INFO 1200 --- [main] o.a.c.c.C.[Tomcat].[localhost].[/]       : Initializing Spring embedded WebApplicationContext
14:32:57:047  INFO 1200 --- [main] w.s.c.ServletWebServerApplicationContext : Root WebApplicationContext: initialization completed in 3007 ms
14:32:57:368  INFO 1200 --- [main] o.s.c.openfeign.FeignClientFactoryBean   : For 'user-service' URL not provided. Will try picking an instance via load-balancing.
14:32:57:462  INFO 1200 --- [main] o.s.c.openfeign.FeignClientFactoryBean   : For 'trade-service' URL not provided. Will try picking an instance via load-balancing.
14:33:01:609  INFO 1200 --- [main] pertySourcedRequestMappingHandlerMapping : Mapped URL path [/v2/api-docs] onto method [springfox.documentation.swagger2.web.Swagger2ControllerWebMvc#getDocumentation(String, HttpServletRequest)]
14:33:02:621  INFO 1200 --- [main] com.alibaba.nacos.common.remote.client   : [RpcClientFactory] create a new rpc client of 22aca3ae-f00a-4403-a8ac-2a9e5d59a9ca
14:33:02:676  INFO 1200 --- [main] org.reflections.Reflections              : Reflections took 31 ms to scan 1 urls, producing 3 keys and 6 values 
14:33:02:709  INFO 1200 --- [main] org.reflections.Reflections              : Reflections took 12 ms to scan 1 urls, producing 4 keys and 9 values 
14:33:02:723  INFO 1200 --- [main] org.reflections.Reflections              : Reflections took 10 ms to scan 1 urls, producing 3 keys and 10 values 
14:33:02:726  WARN 1200 --- [main] org.reflections.Reflections              : given scan urls are empty. set urls in the configuration
14:33:02:739  INFO 1200 --- [main] org.reflections.Reflections              : Reflections took 12 ms to scan 1 urls, producing 1 keys and 5 values 
14:33:02:753  INFO 1200 --- [main] org.reflections.Reflections              : Reflections took 11 ms to scan 1 urls, producing 1 keys and 7 values 
14:33:02:765  INFO 1200 --- [main] org.reflections.Reflections              : Reflections took 9 ms to scan 1 urls, producing 2 keys and 8 values 
14:33:02:768  WARN 1200 --- [main] org.reflections.Reflections              : given scan urls are empty. set urls in the configuration
14:33:02:768  INFO 1200 --- [main] com.alibaba.nacos.common.remote.client   : [22aca3ae-f00a-4403-a8ac-2a9e5d59a9ca] RpcClient init label, labels = {module=naming, source=sdk}
14:33:02:772  INFO 1200 --- [main] com.alibaba.nacos.common.remote.client   : [22aca3ae-f00a-4403-a8ac-2a9e5d59a9ca] RpcClient init, ServerListFactory = com.alibaba.nacos.client.naming.core.ServerListManager
14:33:02:772  INFO 1200 --- [main] com.alibaba.nacos.common.remote.client   : [22aca3ae-f00a-4403-a8ac-2a9e5d59a9ca] Registry connection listener to current client:com.alibaba.nacos.client.naming.remote.gprc.redo.NamingGrpcRedoService
14:33:02:773  INFO 1200 --- [main] com.alibaba.nacos.common.remote.client   : [22aca3ae-f00a-4403-a8ac-2a9e5d59a9ca] Register server push request handler:com.alibaba.nacos.client.naming.remote.gprc.NamingPushRequestHandler
14:33:02:775  INFO 1200 --- [main] com.alibaba.nacos.common.remote.client   : [22aca3ae-f00a-4403-a8ac-2a9e5d59a9ca] Try to connect to server on start up, server: {serverIp = '43.143.114.98', server main port = 8848}
14:33:05:888  INFO 1200 --- [main] com.alibaba.nacos.common.remote.client   : [22aca3ae-f00a-4403-a8ac-2a9e5d59a9ca] Success to connect to server [43.143.114.98:8848] on start up, connectionId = 1699684385807_172.17.0.1_38734
14:33:05:889  INFO 1200 --- [com.alibaba.nacos.client.remote.worker] com.alibaba.nacos.common.remote.client   : [22aca3ae-f00a-4403-a8ac-2a9e5d59a9ca] Notify connected event to listeners.
14:33:05:890  INFO 1200 --- [main] com.alibaba.nacos.common.remote.client   : [22aca3ae-f00a-4403-a8ac-2a9e5d59a9ca] Register server push request handler:com.alibaba.nacos.common.remote.client.RpcClient$ConnectResetRequestHandler
14:33:05:891  INFO 1200 --- [main] com.alibaba.nacos.common.remote.client   : [22aca3ae-f00a-4403-a8ac-2a9e5d59a9ca] Register server push request handler:com.alibaba.nacos.common.remote.client.RpcClient$$Lambda$978/0x00000008006d4c40
14:33:06:080  INFO 1200 --- [main] o.s.b.w.embedded.tomcat.TomcatWebServer  : Tomcat started on port(s): 8086 (http) with context path ''
14:33:06:274  INFO 1200 --- [main] c.a.c.n.registry.NacosServiceRegistry    : nacos registry, DEFAULT_GROUP pay-service 192.168.101.3:8086 register finished
14:33:06:524  INFO 1200 --- [nacos-grpc-client-executor-6] com.alibaba.nacos.common.remote.client   : [22aca3ae-f00a-4403-a8ac-2a9e5d59a9ca] Receive server push request, request = NotifySubscriberRequest, requestId = 145
14:33:06:531  INFO 1200 --- [nacos-grpc-client-executor-6] com.alibaba.nacos.common.remote.client   : [22aca3ae-f00a-4403-a8ac-2a9e5d59a9ca] Ack server push request, request = NotifySubscriberRequest, requestId = 145
14:33:07:337  INFO 1200 --- [main] d.s.w.p.DocumentationPluginsBootstrapper : Documentation plugins bootstrapped
14:33:07:340  INFO 1200 --- [main] d.s.w.p.DocumentationPluginsBootstrapper : Found 1 custom documentation plugin(s)
14:33:07:369  INFO 1200 --- [main] s.d.s.w.s.ApiListingReferenceScanner     : Scanning for api listing references
14:33:07:472  INFO 1200 --- [main] com.hmall.pay.PayApplication             : Started PayApplication in 15.742 seconds (JVM running for 18.383)
14:47:01:144  WARN 1200 --- [Thread-7] c.a.n.common.http.HttpClientBeanHolder   : [HttpClientBeanHolder] Start destroying common HttpClient
14:47:01:145  WARN 1200 --- [Thread-4] c.a.nacos.common.notify.NotifyCenter     : [NotifyCenter] Start destroying Publisher
14:47:01:145  WARN 1200 --- [Thread-7] c.a.n.common.http.HttpClientBeanHolder   : [HttpClientBeanHolder] Destruction of the end
14:47:01:146  WARN 1200 --- [Thread-4] c.a.nacos.common.notify.NotifyCenter     : [NotifyCenter] Destruction of the end
14:47:01:926  INFO 1200 --- [SpringApplicationShutdownHook] c.a.c.n.registry.NacosServiceRegistry    : De-registering from Nacos Server now...
14:47:01:950  INFO 1200 --- [SpringApplicationShutdownHook] c.a.c.n.registry.NacosServiceRegistry    : De-registration finished.
14:47:02:257  INFO 1200 --- [SpringApplicationShutdownHook] com.alibaba.nacos.common.remote.client   : Shutdown rpc client, set status to shutdown
14:47:02:258  INFO 1200 --- [SpringApplicationShutdownHook] com.alibaba.nacos.common.remote.client   : Shutdown client event executor java.util.concurrent.ScheduledThreadPoolExecutor@20025206[Running, pool size = 2, active threads = 2, queued tasks = 0, completed tasks = 0]
14:47:02:258  INFO 1200 --- [SpringApplicationShutdownHook] com.alibaba.nacos.common.remote.client   : Close current connection 1699684385807_172.17.0.1_38734
14:47:02:266  INFO 1200 --- [SpringApplicationShutdownHook] c.a.n.c.remote.client.grpc.GrpcClient    : Shutdown grpc executor java.util.concurrent.ThreadPoolExecutor@4007b7a8[Running, pool size = 3, active threads = 0, queued tasks = 0, completed tasks = 185]
14:47:27:201  INFO 1280 --- [main] com.hmall.pay.PayApplication             : Starting PayApplication using Java 11.0.21 on DESKTOP-E8F0GUI with PID 1280 (D:\Java\heimamall\hmall\pay-service\target\classes started by Lin in D:\Java\heimamall\hmall)
14:47:27:204 DEBUG 1280 --- [main] com.hmall.pay.PayApplication             : Running with Spring Boot v2.7.12, Spring v5.3.27
14:47:27:205  INFO 1280 --- [main] com.hmall.pay.PayApplication             : The following 1 profile is active: "local"
14:47:29:192  INFO 1280 --- [main] o.s.cloud.context.scope.GenericScope     : BeanFactory id=94596e63-bf78-39f3-a522-a8d8e091abca
14:47:29:770  INFO 1280 --- [main] o.s.b.w.embedded.tomcat.TomcatWebServer  : Tomcat initialized with port(s): 8086 (http)
14:47:29:792  INFO 1280 --- [main] o.apache.catalina.core.StandardService   : Starting service [Tomcat]
14:47:29:792  INFO 1280 --- [main] org.apache.catalina.core.StandardEngine  : Starting Servlet engine: [Apache Tomcat/9.0.75]
14:47:30:119  INFO 1280 --- [main] o.a.c.c.C.[Tomcat].[localhost].[/]       : Initializing Spring embedded WebApplicationContext
14:47:30:120  INFO 1280 --- [main] w.s.c.ServletWebServerApplicationContext : Root WebApplicationContext: initialization completed in 2820 ms
14:47:30:489  INFO 1280 --- [main] o.s.c.openfeign.FeignClientFactoryBean   : For 'user-service' URL not provided. Will try picking an instance via load-balancing.
14:47:30:587  INFO 1280 --- [main] o.s.c.openfeign.FeignClientFactoryBean   : For 'trade-service' URL not provided. Will try picking an instance via load-balancing.
14:47:35:311  INFO 1280 --- [main] pertySourcedRequestMappingHandlerMapping : Mapped URL path [/v2/api-docs] onto method [springfox.documentation.swagger2.web.Swagger2ControllerWebMvc#getDocumentation(String, HttpServletRequest)]
14:47:36:733  INFO 1280 --- [main] com.alibaba.nacos.common.remote.client   : [RpcClientFactory] create a new rpc client of 977d6fe9-832d-45ce-8d34-9e49ae5c926d
14:47:36:822  INFO 1280 --- [main] org.reflections.Reflections              : Reflections took 52 ms to scan 1 urls, producing 3 keys and 6 values 
14:47:36:878  INFO 1280 --- [main] org.reflections.Reflections              : Reflections took 23 ms to scan 1 urls, producing 4 keys and 9 values 
14:47:36:907  INFO 1280 --- [main] org.reflections.Reflections              : Reflections took 23 ms to scan 1 urls, producing 3 keys and 10 values 
14:47:36:914  WARN 1280 --- [main] org.reflections.Reflections              : given scan urls are empty. set urls in the configuration
14:47:36:931  INFO 1280 --- [main] org.reflections.Reflections              : Reflections took 16 ms to scan 1 urls, producing 1 keys and 5 values 
14:47:36:954  INFO 1280 --- [main] org.reflections.Reflections              : Reflections took 18 ms to scan 1 urls, producing 1 keys and 7 values 
14:47:36:977  INFO 1280 --- [main] org.reflections.Reflections              : Reflections took 18 ms to scan 1 urls, producing 2 keys and 8 values 
14:47:36:982  WARN 1280 --- [main] org.reflections.Reflections              : given scan urls are empty. set urls in the configuration
14:47:36:984  INFO 1280 --- [main] com.alibaba.nacos.common.remote.client   : [977d6fe9-832d-45ce-8d34-9e49ae5c926d] RpcClient init label, labels = {module=naming, source=sdk}
14:47:36:988  INFO 1280 --- [main] com.alibaba.nacos.common.remote.client   : [977d6fe9-832d-45ce-8d34-9e49ae5c926d] RpcClient init, ServerListFactory = com.alibaba.nacos.client.naming.core.ServerListManager
14:47:36:989  INFO 1280 --- [main] com.alibaba.nacos.common.remote.client   : [977d6fe9-832d-45ce-8d34-9e49ae5c926d] Registry connection listener to current client:com.alibaba.nacos.client.naming.remote.gprc.redo.NamingGrpcRedoService
14:47:36:991  INFO 1280 --- [main] com.alibaba.nacos.common.remote.client   : [977d6fe9-832d-45ce-8d34-9e49ae5c926d] Register server push request handler:com.alibaba.nacos.client.naming.remote.gprc.NamingPushRequestHandler
14:47:36:994  INFO 1280 --- [main] com.alibaba.nacos.common.remote.client   : [977d6fe9-832d-45ce-8d34-9e49ae5c926d] Try to connect to server on start up, server: {serverIp = '43.143.114.98', server main port = 8848}
14:47:40:259  INFO 1280 --- [main] com.alibaba.nacos.common.remote.client   : [977d6fe9-832d-45ce-8d34-9e49ae5c926d] Success to connect to server [43.143.114.98:8848] on start up, connectionId = 1699685260309_172.17.0.1_40122
14:47:40:260  INFO 1280 --- [main] com.alibaba.nacos.common.remote.client   : [977d6fe9-832d-45ce-8d34-9e49ae5c926d] Register server push request handler:com.alibaba.nacos.common.remote.client.RpcClient$ConnectResetRequestHandler
14:47:40:260  INFO 1280 --- [com.alibaba.nacos.client.remote.worker] com.alibaba.nacos.common.remote.client   : [977d6fe9-832d-45ce-8d34-9e49ae5c926d] Notify connected event to listeners.
14:47:40:261  INFO 1280 --- [main] com.alibaba.nacos.common.remote.client   : [977d6fe9-832d-45ce-8d34-9e49ae5c926d] Register server push request handler:com.alibaba.nacos.common.remote.client.RpcClient$$Lambda$979/0x00000008006d4040
14:47:40:356  INFO 1280 --- [main] o.s.b.w.embedded.tomcat.TomcatWebServer  : Tomcat started on port(s): 8086 (http) with context path ''
14:47:40:393  INFO 1280 --- [main] c.a.c.n.registry.NacosServiceRegistry    : nacos registry, DEFAULT_GROUP pay-service 192.168.101.3:8086 register finished
14:47:40:846  INFO 1280 --- [nacos-grpc-client-executor-9] com.alibaba.nacos.common.remote.client   : [977d6fe9-832d-45ce-8d34-9e49ae5c926d] Receive server push request, request = NotifySubscriberRequest, requestId = 161
14:47:40:851  INFO 1280 --- [nacos-grpc-client-executor-9] com.alibaba.nacos.common.remote.client   : [977d6fe9-832d-45ce-8d34-9e49ae5c926d] Ack server push request, request = NotifySubscriberRequest, requestId = 161
14:47:41:212  INFO 1280 --- [main] d.s.w.p.DocumentationPluginsBootstrapper : Documentation plugins bootstrapped
14:47:41:216  INFO 1280 --- [main] d.s.w.p.DocumentationPluginsBootstrapper : Found 1 custom documentation plugin(s)
14:47:41:246  INFO 1280 --- [main] s.d.s.w.s.ApiListingReferenceScanner     : Scanning for api listing references
14:47:41:365  INFO 1280 --- [main] com.hmall.pay.PayApplication             : Started PayApplication in 16.142 seconds (JVM running for 18.666)
14:49:05:424  INFO 1280 --- [http-nio-8086-exec-1] o.a.c.c.C.[Tomcat].[localhost].[/]       : Initializing Spring DispatcherServlet 'dispatcherServlet'
14:49:05:425  INFO 1280 --- [http-nio-8086-exec-1] o.s.web.servlet.DispatcherServlet        : Initializing Servlet 'dispatcherServlet'
14:49:05:427  INFO 1280 --- [http-nio-8086-exec-1] o.s.web.servlet.DispatcherServlet        : Completed initialization in 2 ms
14:49:05:567  INFO 1280 --- [http-nio-8086-exec-1] com.zaxxer.hikari.HikariDataSource       : HikariPool-1 - Starting...
14:49:06:245  INFO 1280 --- [http-nio-8086-exec-1] com.zaxxer.hikari.HikariDataSource       : HikariPool-1 - Start completed.
14:49:06:253 DEBUG 1280 --- [http-nio-8086-exec-1] c.h.pay.mapper.PayOrderMapper.selectOne  : ==>  Preparing: SELECT id,biz_order_no,pay_order_no,biz_user_id,pay_channel_code,amount,pay_type,status,expand_json,result_code,result_msg,pay_success_time,pay_over_time,qr_code_url,create_time,update_time,creater,updater,is_delete FROM pay_order WHERE (biz_order_no = ?)
14:49:06:277 DEBUG 1280 --- [http-nio-8086-exec-1] c.h.pay.mapper.PayOrderMapper.selectOne  : ==> Parameters: 1723231349870874625(Long)
14:49:06:320 DEBUG 1280 --- [http-nio-8086-exec-1] c.h.pay.mapper.PayOrderMapper.selectOne  : <==      Total: 0
14:49:06:375 DEBUG 1280 --- [http-nio-8086-exec-1] c.h.pay.mapper.PayOrderMapper.insert     : ==>  Preparing: INSERT INTO pay_order ( id, biz_order_no, pay_order_no, biz_user_id, pay_channel_code, amount, pay_type, status, pay_over_time ) VALUES ( ?, ?, ?, ?, ?, ?, ?, ?, ? )
14:49:06:378 DEBUG 1280 --- [http-nio-8086-exec-1] c.h.pay.mapper.PayOrderMapper.insert     : ==> Parameters: 1723231357496184833(Long), 1723231349870874625(Long), 1723231357475213314(Long), 2(Long), balance(String), 95900(Integer), 5(Integer), 1(Integer), 2023-11-11T16:49:06.367755100(LocalDateTime)
14:49:06:429 DEBUG 1280 --- [http-nio-8086-exec-1] c.h.pay.mapper.PayOrderMapper.insert     : <==    Updates: 1
14:49:08:969 DEBUG 1280 --- [http-nio-8086-exec-2] c.h.p.mapper.PayOrderMapper.selectById   : ==>  Preparing: SELECT id,biz_order_no,pay_order_no,biz_user_id,pay_channel_code,amount,pay_type,status,expand_json,result_code,result_msg,pay_success_time,pay_over_time,qr_code_url,create_time,update_time,creater,updater,is_delete FROM pay_order WHERE id=?
14:49:08:970 DEBUG 1280 --- [http-nio-8086-exec-2] c.h.p.mapper.PayOrderMapper.selectById   : ==> Parameters: 1723231357496184833(Long)
14:49:08:999 DEBUG 1280 --- [http-nio-8086-exec-2] c.h.p.mapper.PayOrderMapper.selectById   : <==      Total: 1
14:49:09:426 ERROR 1280 --- [http-nio-8086-exec-2] o.a.c.c.C.[.[.[/].[dispatcherServlet]    : Servlet.service() for servlet [dispatcherServlet] in context with path [] threw exception [Request processing failed; nested exception is feign.FeignException$InternalServerError: [500] during [PUT] to [http://user-service/users/money/deduct?pw&amount=95900] [UserClient#deductMoney(String,Integer)]: [{"timestamp":"2023-11-11T06:49:09.355+00:00","status":500,"error":"Internal Server Error","path":"/users/money/deduct"}]] with root cause

feign.FeignException$InternalServerError: [500] during [PUT] to [http://user-service/users/money/deduct?pw&amount=95900] [UserClient#deductMoney(String,Integer)]: [{"timestamp":"2023-11-11T06:49:09.355+00:00","status":500,"error":"Internal Server Error","path":"/users/money/deduct"}]
	at feign.FeignException.serverErrorStatus(FeignException.java:250) ~[feign-core-11.8.jar:na]
	at feign.FeignException.errorStatus(FeignException.java:197) ~[feign-core-11.8.jar:na]
	at feign.FeignException.errorStatus(FeignException.java:185) ~[feign-core-11.8.jar:na]
	at feign.codec.ErrorDecoder$Default.decode(ErrorDecoder.java:92) ~[feign-core-11.8.jar:na]
	at feign.AsyncResponseHandler.handleResponse(AsyncResponseHandler.java:96) ~[feign-core-11.8.jar:na]
	at feign.SynchronousMethodHandler.executeAndDecode(SynchronousMethodHandler.java:138) ~[feign-core-11.8.jar:na]
	at feign.SynchronousMethodHandler.invoke(SynchronousMethodHandler.java:89) ~[feign-core-11.8.jar:na]
	at feign.ReflectiveFeign$FeignInvocationHandler.invoke(ReflectiveFeign.java:100) ~[feign-core-11.8.jar:na]
	at com.sun.proxy.$Proxy99.deductMoney(Unknown Source) ~[na:na]
	at com.hmall.pay.service.impl.PayOrderServiceImpl.tryPayOrderByBalance(PayOrderServiceImpl.java:63) ~[classes/:na]
	at com.hmall.pay.service.impl.PayOrderServiceImpl$$FastClassBySpringCGLIB$$b2062e7f.invoke(<generated>) ~[classes/:na]
	at org.springframework.cglib.proxy.MethodProxy.invoke(MethodProxy.java:218) ~[spring-core-5.3.27.jar:5.3.27]
	at org.springframework.aop.framework.CglibAopProxy$CglibMethodInvocation.invokeJoinpoint(CglibAopProxy.java:793) ~[spring-aop-5.3.27.jar:5.3.27]
	at org.springframework.aop.framework.ReflectiveMethodInvocation.proceed(ReflectiveMethodInvocation.java:163) ~[spring-aop-5.3.27.jar:5.3.27]
	at org.springframework.aop.framework.CglibAopProxy$CglibMethodInvocation.proceed(CglibAopProxy.java:763) ~[spring-aop-5.3.27.jar:5.3.27]
	at org.springframework.transaction.interceptor.TransactionInterceptor$1.proceedWithInvocation(TransactionInterceptor.java:123) ~[spring-tx-5.3.27.jar:5.3.27]
	at org.springframework.transaction.interceptor.TransactionAspectSupport.invokeWithinTransaction(TransactionAspectSupport.java:388) ~[spring-tx-5.3.27.jar:5.3.27]
	at org.springframework.transaction.interceptor.TransactionInterceptor.invoke(TransactionInterceptor.java:119) ~[spring-tx-5.3.27.jar:5.3.27]
	at org.springframework.aop.framework.ReflectiveMethodInvocation.proceed(ReflectiveMethodInvocation.java:186) ~[spring-aop-5.3.27.jar:5.3.27]
	at org.springframework.aop.framework.CglibAopProxy$CglibMethodInvocation.proceed(CglibAopProxy.java:763) ~[spring-aop-5.3.27.jar:5.3.27]
	at org.springframework.aop.framework.CglibAopProxy$DynamicAdvisedInterceptor.intercept(CglibAopProxy.java:708) ~[spring-aop-5.3.27.jar:5.3.27]
	at com.hmall.pay.service.impl.PayOrderServiceImpl$$EnhancerBySpringCGLIB$$d5d6c0b2.tryPayOrderByBalance(<generated>) ~[classes/:na]
	at com.hmall.pay.controller.PayController.tryPayOrderByBalance(PayController.java:37) ~[classes/:na]
	at java.base/jdk.internal.reflect.NativeMethodAccessorImpl.invoke0(Native Method) ~[na:na]
	at java.base/jdk.internal.reflect.NativeMethodAccessorImpl.invoke(NativeMethodAccessorImpl.java:62) ~[na:na]
	at java.base/jdk.internal.reflect.DelegatingMethodAccessorImpl.invoke(DelegatingMethodAccessorImpl.java:43) ~[na:na]
	at java.base/java.lang.reflect.Method.invoke(Method.java:566) ~[na:na]
	at org.springframework.web.method.support.InvocableHandlerMethod.doInvoke(InvocableHandlerMethod.java:205) ~[spring-web-5.3.27.jar:5.3.27]
	at org.springframework.web.method.support.InvocableHandlerMethod.invokeForRequest(InvocableHandlerMethod.java:150) ~[spring-web-5.3.27.jar:5.3.27]
	at org.springframework.web.servlet.mvc.method.annotation.ServletInvocableHandlerMethod.invokeAndHandle(ServletInvocableHandlerMethod.java:117) ~[spring-webmvc-5.3.27.jar:5.3.27]
	at org.springframework.web.servlet.mvc.method.annotation.RequestMappingHandlerAdapter.invokeHandlerMethod(RequestMappingHandlerAdapter.java:895) ~[spring-webmvc-5.3.27.jar:5.3.27]
	at org.springframework.web.servlet.mvc.method.annotation.RequestMappingHandlerAdapter.handleInternal(RequestMappingHandlerAdapter.java:808) ~[spring-webmvc-5.3.27.jar:5.3.27]
	at org.springframework.web.servlet.mvc.method.AbstractHandlerMethodAdapter.handle(AbstractHandlerMethodAdapter.java:87) ~[spring-webmvc-5.3.27.jar:5.3.27]
	at org.springframework.web.servlet.DispatcherServlet.doDispatch(DispatcherServlet.java:1072) ~[spring-webmvc-5.3.27.jar:5.3.27]
	at org.springframework.web.servlet.DispatcherServlet.doService(DispatcherServlet.java:965) ~[spring-webmvc-5.3.27.jar:5.3.27]
	at org.springframework.web.servlet.FrameworkServlet.processRequest(FrameworkServlet.java:1006) ~[spring-webmvc-5.3.27.jar:5.3.27]
	at org.springframework.web.servlet.FrameworkServlet.doPost(FrameworkServlet.java:909) ~[spring-webmvc-5.3.27.jar:5.3.27]
	at javax.servlet.http.HttpServlet.service(HttpServlet.java:555) ~[tomcat-embed-core-9.0.75.jar:4.0.FR]
	at org.springframework.web.servlet.FrameworkServlet.service(FrameworkServlet.java:883) ~[spring-webmvc-5.3.27.jar:5.3.27]
	at javax.servlet.http.HttpServlet.service(HttpServlet.java:623) ~[tomcat-embed-core-9.0.75.jar:4.0.FR]
	at org.apache.catalina.core.ApplicationFilterChain.internalDoFilter(ApplicationFilterChain.java:209) ~[tomcat-embed-core-9.0.75.jar:9.0.75]
	at org.apache.catalina.core.ApplicationFilterChain.doFilter(ApplicationFilterChain.java:153) ~[tomcat-embed-core-9.0.75.jar:9.0.75]
	at org.apache.tomcat.websocket.server.WsFilter.doFilter(WsFilter.java:51) ~[tomcat-embed-websocket-9.0.75.jar:9.0.75]
	at org.apache.catalina.core.ApplicationFilterChain.internalDoFilter(ApplicationFilterChain.java:178) ~[tomcat-embed-core-9.0.75.jar:9.0.75]
	at org.apache.catalina.core.ApplicationFilterChain.doFilter(ApplicationFilterChain.java:153) ~[tomcat-embed-core-9.0.75.jar:9.0.75]
	at org.springframework.web.filter.RequestContextFilter.doFilterInternal(RequestContextFilter.java:100) ~[spring-web-5.3.27.jar:5.3.27]
	at org.springframework.web.filter.OncePerRequestFilter.doFilter(OncePerRequestFilter.java:117) ~[spring-web-5.3.27.jar:5.3.27]
	at org.apache.catalina.core.ApplicationFilterChain.internalDoFilter(ApplicationFilterChain.java:178) ~[tomcat-embed-core-9.0.75.jar:9.0.75]
	at org.apache.catalina.core.ApplicationFilterChain.doFilter(ApplicationFilterChain.java:153) ~[tomcat-embed-core-9.0.75.jar:9.0.75]
	at org.springframework.web.filter.FormContentFilter.doFilterInternal(FormContentFilter.java:93) ~[spring-web-5.3.27.jar:5.3.27]
	at org.springframework.web.filter.OncePerRequestFilter.doFilter(OncePerRequestFilter.java:117) ~[spring-web-5.3.27.jar:5.3.27]
	at org.apache.catalina.core.ApplicationFilterChain.internalDoFilter(ApplicationFilterChain.java:178) ~[tomcat-embed-core-9.0.75.jar:9.0.75]
	at org.apache.catalina.core.ApplicationFilterChain.doFilter(ApplicationFilterChain.java:153) ~[tomcat-embed-core-9.0.75.jar:9.0.75]
	at org.springframework.web.filter.CharacterEncodingFilter.doFilterInternal(CharacterEncodingFilter.java:201) ~[spring-web-5.3.27.jar:5.3.27]
	at org.springframework.web.filter.OncePerRequestFilter.doFilter(OncePerRequestFilter.java:117) ~[spring-web-5.3.27.jar:5.3.27]
	at org.apache.catalina.core.ApplicationFilterChain.internalDoFilter(ApplicationFilterChain.java:178) ~[tomcat-embed-core-9.0.75.jar:9.0.75]
	at org.apache.catalina.core.ApplicationFilterChain.doFilter(ApplicationFilterChain.java:153) ~[tomcat-embed-core-9.0.75.jar:9.0.75]
	at org.apache.catalina.core.StandardWrapperValve.invoke(StandardWrapperValve.java:167) ~[tomcat-embed-core-9.0.75.jar:9.0.75]
	at org.apache.catalina.core.StandardContextValve.invoke(StandardContextValve.java:90) ~[tomcat-embed-core-9.0.75.jar:9.0.75]
	at org.apache.catalina.authenticator.AuthenticatorBase.invoke(AuthenticatorBase.java:481) ~[tomcat-embed-core-9.0.75.jar:9.0.75]
	at org.apache.catalina.core.StandardHostValve.invoke(StandardHostValve.java:130) ~[tomcat-embed-core-9.0.75.jar:9.0.75]
	at org.apache.catalina.valves.ErrorReportValve.invoke(ErrorReportValve.java:93) ~[tomcat-embed-core-9.0.75.jar:9.0.75]
	at org.apache.catalina.core.StandardEngineValve.invoke(StandardEngineValve.java:74) ~[tomcat-embed-core-9.0.75.jar:9.0.75]
	at org.apache.catalina.connector.CoyoteAdapter.service(CoyoteAdapter.java:343) ~[tomcat-embed-core-9.0.75.jar:9.0.75]
	at org.apache.coyote.http11.Http11Processor.service(Http11Processor.java:390) ~[tomcat-embed-core-9.0.75.jar:9.0.75]
	at org.apache.coyote.AbstractProcessorLight.process(AbstractProcessorLight.java:63) ~[tomcat-embed-core-9.0.75.jar:9.0.75]
	at org.apache.coyote.AbstractProtocol$ConnectionHandler.process(AbstractProtocol.java:926) ~[tomcat-embed-core-9.0.75.jar:9.0.75]
	at org.apache.tomcat.util.net.NioEndpoint$SocketProcessor.doRun(NioEndpoint.java:1791) ~[tomcat-embed-core-9.0.75.jar:9.0.75]
	at org.apache.tomcat.util.net.SocketProcessorBase.run(SocketProcessorBase.java:52) ~[tomcat-embed-core-9.0.75.jar:9.0.75]
	at org.apache.tomcat.util.threads.ThreadPoolExecutor.runWorker(ThreadPoolExecutor.java:1191) ~[tomcat-embed-core-9.0.75.jar:9.0.75]
	at org.apache.tomcat.util.threads.ThreadPoolExecutor$Worker.run(ThreadPoolExecutor.java:659) ~[tomcat-embed-core-9.0.75.jar:9.0.75]
	at org.apache.tomcat.util.threads.TaskThread$WrappingRunnable.run(TaskThread.java:61) ~[tomcat-embed-core-9.0.75.jar:9.0.75]
	at java.base/java.lang.Thread.run(Thread.java:834) ~[na:na]

14:49:09:715  INFO 1280 --- [nacos-grpc-client-executor-32] com.alibaba.nacos.common.remote.client   : [977d6fe9-832d-45ce-8d34-9e49ae5c926d] Receive server push request, request = NotifySubscriberRequest, requestId = 169
14:49:09:716  INFO 1280 --- [nacos-grpc-client-executor-32] com.alibaba.nacos.common.remote.client   : [977d6fe9-832d-45ce-8d34-9e49ae5c926d] Ack server push request, request = NotifySubscriberRequest, requestId = 169
14:49:12:953 DEBUG 1280 --- [http-nio-8086-exec-3] c.h.p.mapper.PayOrderMapper.selectById   : ==>  Preparing: SELECT id,biz_order_no,pay_order_no,biz_user_id,pay_channel_code,amount,pay_type,status,expand_json,result_code,result_msg,pay_success_time,pay_over_time,qr_code_url,create_time,update_time,creater,updater,is_delete FROM pay_order WHERE id=?
14:49:12:954 DEBUG 1280 --- [http-nio-8086-exec-3] c.h.p.mapper.PayOrderMapper.selectById   : ==> Parameters: 1723231357496184833(Long)
14:49:12:978 DEBUG 1280 --- [http-nio-8086-exec-3] c.h.p.mapper.PayOrderMapper.selectById   : <==      Total: 1
14:49:13:197 DEBUG 1280 --- [http-nio-8086-exec-3] c.h.pay.mapper.PayOrderMapper.update     : ==>  Preparing: UPDATE pay_order SET status=?,pay_success_time=? WHERE (id = ? AND status IN (?,?))
14:49:13:199 DEBUG 1280 --- [http-nio-8086-exec-3] c.h.pay.mapper.PayOrderMapper.update     : ==> Parameters: 3(Integer), 2023-11-11T14:49:13.192764400(LocalDateTime), 1723231357496184833(Long), 0(Integer), 1(Integer)
14:49:13:244 DEBUG 1280 --- [http-nio-8086-exec-3] c.h.pay.mapper.PayOrderMapper.update     : <==    Updates: 1
14:49:13:827  INFO 1280 --- [nacos-grpc-client-executor-35] com.alibaba.nacos.common.remote.client   : [977d6fe9-832d-45ce-8d34-9e49ae5c926d] Receive server push request, request = NotifySubscriberRequest, requestId = 170
14:49:13:828  INFO 1280 --- [nacos-grpc-client-executor-35] com.alibaba.nacos.common.remote.client   : [977d6fe9-832d-45ce-8d34-9e49ae5c926d] Ack server push request, request = NotifySubscriberRequest, requestId = 170
14:53:11:927  WARN 1280 --- [Thread-4] c.a.nacos.common.notify.NotifyCenter     : [NotifyCenter] Start destroying Publisher
14:53:11:927  WARN 1280 --- [Thread-7] c.a.n.common.http.HttpClientBeanHolder   : [HttpClientBeanHolder] Start destroying common HttpClient
14:53:11:928  WARN 1280 --- [Thread-4] c.a.nacos.common.notify.NotifyCenter     : [NotifyCenter] Destruction of the end
14:53:11:928  WARN 1280 --- [Thread-7] c.a.n.common.http.HttpClientBeanHolder   : [HttpClientBeanHolder] Destruction of the end
14:53:12:724  INFO 1280 --- [SpringApplicationShutdownHook] c.a.c.n.registry.NacosServiceRegistry    : De-registering from Nacos Server now...
14:53:12:747  INFO 1280 --- [SpringApplicationShutdownHook] c.a.c.n.registry.NacosServiceRegistry    : De-registration finished.
14:53:13:054  INFO 1280 --- [SpringApplicationShutdownHook] com.alibaba.nacos.common.remote.client   : Shutdown rpc client, set status to shutdown
14:53:13:055  INFO 1280 --- [SpringApplicationShutdownHook] com.alibaba.nacos.common.remote.client   : Shutdown client event executor java.util.concurrent.ScheduledThreadPoolExecutor@5b084d25[Running, pool size = 2, active threads = 2, queued tasks = 0, completed tasks = 0]
14:53:13:055  INFO 1280 --- [SpringApplicationShutdownHook] com.alibaba.nacos.common.remote.client   : Close current connection 1699685260309_172.17.0.1_40122
14:53:13:070  INFO 1280 --- [SpringApplicationShutdownHook] c.a.n.c.remote.client.grpc.GrpcClient    : Shutdown grpc executor java.util.concurrent.ThreadPoolExecutor@66d9637c[Running, pool size = 5, active threads = 0, queued tasks = 0, completed tasks = 89]
14:53:13:080  INFO 1280 --- [SpringApplicationShutdownHook] com.zaxxer.hikari.HikariDataSource       : HikariPool-1 - Shutdown initiated...
14:53:13:103  INFO 1280 --- [SpringApplicationShutdownHook] com.zaxxer.hikari.HikariDataSource       : HikariPool-1 - Shutdown completed.
