13:44:26:292  INFO 412 --- [main] com.hmall.HMallApplication               : Starting HMallApplication using Java 11.0.21 on DESKTOP-E8F0GUI with PID 412 (D:\Java\heimamall\hmall\hm-service\target\classes started by Lin in D:\Java\heimamall\hmall)
13:44:26:298 DEBUG 412 --- [main] com.hmall.HMallApplication               : Running with Spring Boot v2.7.12, Spring v5.3.27
13:44:26:298  INFO 412 --- [main] com.hmall.HMallApplication               : The following 1 profile is active: "local"
13:44:28:457  INFO 412 --- [main] .s.d.r.c.RepositoryConfigurationDelegate : Multiple Spring Data modules found, entering strict repository configuration mode
13:44:28:470  INFO 412 --- [main] .s.d.r.c.RepositoryConfigurationDelegate : Bootstrapping Spring Data Redis repositories in DEFAULT mode.
13:44:28:594  INFO 412 --- [main] .s.d.r.c.RepositoryConfigurationDelegate : Finished Spring Data repository scanning in 54 ms. Found 0 Redis repository interfaces.
13:44:29:661  INFO 412 --- [main] o.s.b.w.embedded.tomcat.TomcatWebServer  : Tomcat initialized with port(s): 8080 (http)
13:44:29:678  INFO 412 --- [main] o.apache.catalina.core.StandardService   : Starting service [Tomcat]
13:44:29:679  INFO 412 --- [main] org.apache.catalina.core.StandardEngine  : Starting Servlet engine: [Apache Tomcat/9.0.75]
13:44:29:959  INFO 412 --- [main] o.a.c.c.C.[Tomcat].[localhost].[/]       : Initializing Spring embedded WebApplicationContext
13:44:29:959  INFO 412 --- [main] w.s.c.ServletWebServerApplicationContext : Root WebApplicationContext: initialization completed in 3587 ms
13:44:34:438  INFO 412 --- [main] pertySourcedRequestMappingHandlerMapping : Mapped URL path [/v2/api-docs] onto method [springfox.documentation.swagger2.web.Swagger2ControllerWebMvc#getDocumentation(String, HttpServletRequest)]
13:44:36:003  INFO 412 --- [main] o.s.b.w.embedded.tomcat.TomcatWebServer  : Tomcat started on port(s): 8080 (http) with context path ''
13:44:36:006  INFO 412 --- [main] d.s.w.p.DocumentationPluginsBootstrapper : Documentation plugins bootstrapped
13:44:36:019  INFO 412 --- [main] d.s.w.p.DocumentationPluginsBootstrapper : Found 1 custom documentation plugin(s)
13:44:36:151  INFO 412 --- [main] s.d.s.w.s.ApiListingReferenceScanner     : Scanning for api listing references
13:44:36:718  INFO 412 --- [main] com.hmall.HMallApplication               : Started HMallApplication in 11.221 seconds (JVM running for 13.103)
13:53:13:287  INFO 8132 --- [main] com.hmall.HMallApplication               : Starting HMallApplication using Java 11.0.21 on DESKTOP-E8F0GUI with PID 8132 (D:\Java\heimamall\hmall\hm-service\target\classes started by Lin in D:\Java\heimamall\hmall)
13:53:13:289 DEBUG 8132 --- [main] com.hmall.HMallApplication               : Running with Spring Boot v2.7.12, Spring v5.3.27
13:53:13:290  INFO 8132 --- [main] com.hmall.HMallApplication               : The following 1 profile is active: "local"
13:53:14:606  INFO 8132 --- [main] .s.d.r.c.RepositoryConfigurationDelegate : Multiple Spring Data modules found, entering strict repository configuration mode
13:53:14:609  INFO 8132 --- [main] .s.d.r.c.RepositoryConfigurationDelegate : Bootstrapping Spring Data Redis repositories in DEFAULT mode.
13:53:14:678  INFO 8132 --- [main] .s.d.r.c.RepositoryConfigurationDelegate : Finished Spring Data repository scanning in 43 ms. Found 0 Redis repository interfaces.
13:53:15:436  INFO 8132 --- [main] o.s.b.w.embedded.tomcat.TomcatWebServer  : Tomcat initialized with port(s): 8080 (http)
13:53:15:448  INFO 8132 --- [main] o.apache.catalina.core.StandardService   : Starting service [Tomcat]
13:53:15:449  INFO 8132 --- [main] org.apache.catalina.core.StandardEngine  : Starting Servlet engine: [Apache Tomcat/9.0.75]
13:53:15:724  INFO 8132 --- [main] o.a.c.c.C.[Tomcat].[localhost].[/]       : Initializing Spring embedded WebApplicationContext
13:53:15:728  INFO 8132 --- [main] w.s.c.ServletWebServerApplicationContext : Root WebApplicationContext: initialization completed in 2390 ms
13:53:19:643  INFO 8132 --- [main] pertySourcedRequestMappingHandlerMapping : Mapped URL path [/v2/api-docs] onto method [springfox.documentation.swagger2.web.Swagger2ControllerWebMvc#getDocumentation(String, HttpServletRequest)]
13:53:20:288  INFO 8132 --- [main] o.s.b.w.embedded.tomcat.TomcatWebServer  : Tomcat started on port(s): 8080 (http) with context path ''
13:53:20:289  INFO 8132 --- [main] d.s.w.p.DocumentationPluginsBootstrapper : Documentation plugins bootstrapped
13:53:20:294  INFO 8132 --- [main] d.s.w.p.DocumentationPluginsBootstrapper : Found 1 custom documentation plugin(s)
13:53:20:352  INFO 8132 --- [main] s.d.s.w.s.ApiListingReferenceScanner     : Scanning for api listing references
13:53:20:700  INFO 8132 --- [main] com.hmall.HMallApplication               : Started HMallApplication in 8.038 seconds (JVM running for 9.561)
